<?xml version="1.0" encoding="UTF-8"?>
<!-- Generated by org.testng.reporters.JUnitXMLReporter -->
<testsuite hostname="RAVI-PC" ignored="0" name="Default test" tests="3" failures="0" timestamp="15 Sep 2020 06:26:54 GMT" time="21.024" errors="0">
  <testcase name="signuplinkTest" time="10.238" classname="com.qa.hubspot.tests.LoginPageTest"/>
  <testcase name="loginPageTitleTest" time="0.061" classname="com.qa.hubspot.tests.LoginPageTest"/>
  <testcase name="loginpageTest" time="1.408" classname="com.qa.hubspot.tests.LoginPageTest"/>
</testsuite> <!-- Default test -->
