<?xml version="1.0" encoding="UTF-8"?>
<!-- Generated by org.testng.reporters.JUnitXMLReporter -->
<testsuite hostname="RAVI-PC" ignored="1" name="home page test" tests="2" failures="0" timestamp="11 Sep 2020 11:05:06 GMT" time="22.642" errors="0">
  <testcase name="verifyHomepageHeaderTest" time="9.523" classname="com.qa.hubspot.tests.HomePageTest"/>
  <testcase name="verifyHomepageTitleTest" time="0.065" classname="com.qa.hubspot.tests.HomePageTest"/>
  <testcase name="verifyLoggedInUserTest" time="0.0" classname="com.qa.hubspot.tests.HomePageTest">
    <ignored/>
  </testcase> <!-- verifyLoggedInUserTest -->
</testsuite> <!-- home page test -->
