<?xml version="1.0" encoding="UTF-8"?>
<!-- Generated by org.testng.reporters.JUnitXMLReporter -->
<testsuite hostname="RAVI-PC" ignored="0" name="login page test" tests="3" failures="0" timestamp="11 Sep 2020 11:04:43 GMT" time="15.526" errors="0">
  <testcase name="signuplinkTest" time="5.7" classname="com.qa.hubspot.tests.LoginPageTest"/>
  <testcase name="loginPageTitleTest" time="0.049" classname="com.qa.hubspot.tests.LoginPageTest"/>
  <testcase name="loginpageTest" time="1.209" classname="com.qa.hubspot.tests.LoginPageTest"/>
</testsuite> <!-- login page test -->
